<?xml version="1.0" encoding="UTF-8"?>
<testsuite name="SphereTest" tests="1" skipped="0" failures="0" errors="0" timestamp="2021-05-05T20:09:27" hostname="MacBook-Pro-di-Matteo" time="0.004">
  <properties/>
  <testcase name="rayIntersectionWithT" classname="SphereTest" time="0.004"/>
  <system-out><![CDATA[]]></system-out>
  <system-err><![CDATA[]]></system-err>
</testsuite>
