<?xml version="1.0" encoding="UTF-8"?>
<testsuite name="TransformationTest" tests="1" skipped="0" failures="0" errors="0" timestamp="2021-04-21T20:25:58" hostname="MBP-di-Anna.lan" time="0.005">
  <properties/>
  <testcase name="isClose" classname="TransformationTest" time="0.005"/>
  <system-out><![CDATA[]]></system-out>
  <system-err><![CDATA[]]></system-err>
</testsuite>
