<?xml version="1.0" encoding="UTF-8"?>
<testsuite name="HdrImageTest" tests="1" skipped="0" failures="0" errors="0" timestamp="2021-03-25T11:00:12" hostname="MacBook-Pro-di-Matteo" time="0.03">
  <properties/>
  <testcase name="parseEndianness" classname="HdrImageTest" time="0.03"/>
  <system-out><![CDATA[]]></system-out>
  <system-err><![CDATA[]]></system-err>
</testsuite>
