<?xml version="1.0" encoding="UTF-8"?>
<testsuite name="VectorTest" tests="10" skipped="0" failures="0" errors="0" timestamp="2021-04-19T21:12:14" hostname="MacBook-Pro-di-Matteo" time="0.005">
  <properties/>
  <testcase name="norm" classname="VectorTest" time="0.002"/>
  <testcase name="plus" classname="VectorTest" time="0.0"/>
  <testcase name="cross" classname="VectorTest" time="0.0"/>
  <testcase name="minus" classname="VectorTest" time="0.0"/>
  <testcase name="norm2" classname="VectorTest" time="0.0"/>
  <testcase name="times" classname="VectorTest" time="0.0"/>
  <testcase name="normalize" classname="VectorTest" time="0.001"/>
  <testcase name="unaryMinus" classname="VectorTest" time="0.0"/>
  <testcase name="scalarTimes" classname="VectorTest" time="0.0"/>
  <testcase name="isClose" classname="VectorTest" time="0.0"/>
  <system-out><![CDATA[]]></system-out>
  <system-err><![CDATA[]]></system-err>
</testsuite>
