<?xml version="1.0" encoding="UTF-8"?>
<testsuite name="HdrImageTest" tests="1" skipped="0" failures="0" errors="0" timestamp="2021-03-20T18:17:47" hostname="MacBook-Pro-di-Matteo" time="0.006">
  <properties/>
  <testcase name="writePfm" classname="HdrImageTest" time="0.006"/>
  <system-out><![CDATA[]]></system-out>
  <system-err><![CDATA[]]></system-err>
</testsuite>
