<?xml version="1.0" encoding="UTF-8"?>
<testsuite name="SphereTest" tests="1" skipped="0" failures="0" errors="0" timestamp="2021-05-05T13:51:56" hostname="MacBook-Pro-di-Matteo" time="0.005">
  <properties/>
  <testcase name="rayIntersection" classname="SphereTest" time="0.005"/>
  <system-out><![CDATA[]]></system-out>
  <system-err><![CDATA[]]></system-err>
</testsuite>
