<?xml version="1.0" encoding="UTF-8"?>
<testsuite name="HdrImageTest" tests="1" skipped="0" failures="0" errors="0" timestamp="2021-03-27T16:27:02" hostname="MBP-di-Anna.lan" time="0.033">
  <properties/>
  <testcase name="parseImgSize" classname="HdrImageTest" time="0.033"/>
  <system-out><![CDATA[]]></system-out>
  <system-err><![CDATA[]]></system-err>
</testsuite>
