<?xml version="1.0" encoding="UTF-8"?>
<testsuite name="ColorTest" tests="1" skipped="0" failures="0" errors="0" timestamp="2021-03-10T10:59:43" hostname="cln-173-247.eduroam.unimi.it" time="0.002">
  <properties/>
  <testcase name="colorTimes" classname="ColorTest" time="0.002"/>
  <system-out><![CDATA[]]></system-out>
  <system-err><![CDATA[]]></system-err>
</testsuite>
