<?xml version="1.0" encoding="UTF-8"?>
<testsuite name="RayTest" tests="1" skipped="0" failures="0" errors="0" timestamp="2021-04-28T09:34:51" hostname="cln-185-252.eduroam.unimi.it" time="0.003">
  <properties/>
  <testcase name="transform" classname="RayTest" time="0.003"/>
  <system-out><![CDATA[]]></system-out>
  <system-err><![CDATA[]]></system-err>
</testsuite>
