<?xml version="1.0" encoding="UTF-8"?>
<testsuite name="WorldTest" tests="1" skipped="0" failures="0" errors="0" timestamp="2021-05-06T12:59:10" hostname="cln-185-252.eduroam.unimi.it" time="0.006">
  <properties/>
  <testcase name="rayIntersection" classname="WorldTest" time="0.006"/>
  <system-out><![CDATA[]]></system-out>
  <system-err><![CDATA[]]></system-err>
</testsuite>
