<?xml version="1.0" encoding="UTF-8"?>
<testsuite name="TransformationTest" tests="1" skipped="0" failures="0" errors="0" timestamp="2021-04-21T13:09:16" hostname="MacBook-Pro-di-Matteo" time="0.004">
  <properties/>
  <testcase name="timesVecPointNorm" classname="TransformationTest" time="0.004"/>
  <system-out><![CDATA[
]]></system-out>
  <system-err><![CDATA[]]></system-err>
</testsuite>
