<?xml version="1.0" encoding="UTF-8"?>
<testsuite name="ColorTest" tests="5" skipped="0" failures="0" errors="0" timestamp="2021-04-07T08:49:59" hostname="MacBook-Pro-di-Matteo" time="0.004">
  <properties/>
  <testcase name="luminosity" classname="ColorTest" time="0.001"/>
  <testcase name="plus" classname="ColorTest" time="0.001"/>
  <testcase name="scalarTimes" classname="ColorTest" time="0.0"/>
  <testcase name="colorTimes" classname="ColorTest" time="0.0"/>
  <testcase name="isClose" classname="ColorTest" time="0.001"/>
  <system-out><![CDATA[]]></system-out>
  <system-err><![CDATA[]]></system-err>
</testsuite>
