<?xml version="1.0" encoding="UTF-8"?>
<testsuite name="HdrImageTest" tests="1" skipped="0" failures="0" errors="0" timestamp="2021-03-31T08:47:25" hostname="cln-173-247.eduroam.unimi.it" time="0.003">
  <properties/>
  <testcase name="averageLuminosity" classname="HdrImageTest" time="0.003"/>
  <system-out><![CDATA[100.0]]></system-out>
  <system-err><![CDATA[]]></system-err>
</testsuite>
