<?xml version="1.0" encoding="UTF-8"?>
<testsuite name="TransformationTest" tests="1" skipped="0" failures="0" errors="0" timestamp="2021-04-21T20:43:38" hostname="MBP-di-Anna.lan" time="0.003">
  <properties/>
  <testcase name="scaling" classname="TransformationTest" time="0.003"/>
  <system-out><![CDATA[]]></system-out>
  <system-err><![CDATA[]]></system-err>
</testsuite>
